[08-Aug-2023 19:11:12 UTC] PHP Warning:  require(buddycommerce/src/core/users/filters/): failed to open stream: No such file or directory in D:\laragon\www\workskills\wp-content\themes\workskills\functions.php on line 161
[08-Aug-2023 19:11:12 UTC] PHP Fatal error:  require(): Failed opening required 'buddycommerce/src/core/users/filters/' (include_path='.;D:/laragon/etc/php/pear') in D:\laragon\www\workskills\wp-content\themes\workskills\functions.php on line 161
[08-Aug-2023 19:11:13 UTC] PHP Warning:  require(buddycommerce/src/core/users/filters/): failed to open stream: No such file or directory in D:\laragon\www\workskills\wp-content\themes\workskills\functions.php on line 161
[08-Aug-2023 19:11:13 UTC] PHP Fatal error:  require(): Failed opening required 'buddycommerce/src/core/users/filters/' (include_path='.;D:/laragon/etc/php/pear') in D:\laragon\www\workskills\wp-content\themes\workskills\functions.php on line 161
    [08-Aug-2023 19:12:06 UTC] PHP Warning:  require(buddycommerce/src/core/users/filters/): failed to open stream: No such file or directory in D:\laragon\www\workskills\wp-content\themes\workskills\functions.php on line 161
[08-Aug-2023 19:12:06 UTC] PHP Fatal error:  require(): Failed opening required 'buddycommerce/src/core/users/filters/' (include_path='.;D:/laragon/etc/php/pear') in D:\laragon\www\workskills\wp-content\themes\workskills\functions.php on line 161
[08-Aug-2023 19:12:30 UTC] PHP Warning:  require(D:\laragon\www\workskills\wp-content\themes\workskills/buddycommerce/src/core/users/filters/class-bc-url-filters.php): failed to open stream: No such file or directory in D:\laragon\www\workskills\wp-content\themes\workskills\functions.php on line 161
[08-Aug-2023 19:12:30 UTC] PHP Fatal error:  require(): Failed opening required 'D:\laragon\www\workskills\wp-content\themes\workskills/buddycommerce/src/core/users/filters/class-bc-url-filters.php' (include_path='.;D:/laragon/etc/php/pear') in D:\laragon\www\workskills\wp-content\themes\workskills\functions.php on line 161
[08-Aug-2023 19:12:30 UTC] PHP Warning:  require(D:\laragon\www\workskills\wp-content\themes\workskills/buddycommerce/src/core/users/filters/class-bc-url-filters.php): failed to open stream: No such file or directory in D:\laragon\www\workskills\wp-content\themes\workskills\functions.php on line 161
[08-Aug-2023 19:12:30 UTC] PHP Fatal error:  require(): Failed opening required 'D:\laragon\www\workskills\wp-content\themes\workskills/buddycommerce/src/core/users/filters/class-bc-url-filters.php' (include_path='.;D:/laragon/etc/php/pear') in D:\laragon\www\workskills\wp-content\themes\workskills\functions.php on line 161
[08-Aug-2023 19:13:07 UTC] PHP Warning:  require(): http:// wrapper is disabled in the server configuration by allow_url_include=0 in D:\laragon\www\workskills\wp-content\themes\workskills\functions.php on line 161
[08-Aug-2023 19:13:07 UTC] PHP Warning:  require(http://workskills.test/wp-content/plugins/D:/laragon/www/workskills/wp-content/themes/workskills/buddycommerce/src/core/users/filters/class-bc-url-filters.php): failed to open stream: no suitable wrapper could be found in D:\laragon\www\workskills\wp-content\themes\workskills\functions.php on line 161
[08-Aug-2023 19:13:07 UTC] PHP Fatal error:  require(): Failed opening required 'http://workskills.test/wp-content/plugins/D:/laragon/www/workskills/wp-content/themes/workskills/buddycommerce/src/core/users/filters/class-bc-url-filters.php' (include_path='.;D:/laragon/etc/php/pear') in D:\laragon\www\workskills\wp-content\themes\workskills\functions.php on line 161
[08-Aug-2023 19:13:08 UTC] PHP Warning:  require(): http:// wrapper is disabled in the server configuration by allow_url_include=0 in D:\laragon\www\workskills\wp-content\themes\workskills\functions.php on line 161
[08-Aug-2023 19:13:08 UTC] PHP Warning:  require(http://workskills.test/wp-content/plugins/D:/laragon/www/workskills/wp-content/themes/workskills/buddycommerce/src/core/users/filters/class-bc-url-filters.php): failed to open stream: no suitable wrapper could be found in D:\laragon\www\workskills\wp-content\themes\workskills\functions.php on line 161
[08-Aug-2023 19:13:08 UTC] PHP Fatal error:  require(): Failed opening required 'http://workskills.test/wp-content/plugins/D:/laragon/www/workskills/wp-content/themes/workskills/buddycommerce/src/core/users/filters/class-bc-url-filters.php' (include_path='.;D:/laragon/etc/php/pear') in D:\laragon\www\workskills\wp-content\themes\workskills\functions.php on line 161
[08-Aug-2023 19:14:57 UTC] PHP Warning:  require(): http:// wrapper is disabled in the server configuration by allow_url_include=0 in D:\laragon\www\workskills\wp-content\themes\workskills\functions.php on line 162
[08-Aug-2023 19:14:57 UTC] PHP Warning:  require(http://workskills.test/wp-content/plugins/D:/laragon/www/workskills/wp-content/themes/workskills/wp-content/plugins/buddycommerce/src/core/users/filters/class-bc-url-filters.php): failed to open stream: no suitable wrapper could be found in D:\laragon\www\workskills\wp-content\themes\workskills\functions.php on line 162
[08-Aug-2023 19:14:57 UTC] PHP Fatal error:  require(): Failed opening required 'http://workskills.test/wp-content/plugins/D:/laragon/www/workskills/wp-content/themes/workskills/wp-content/plugins/buddycommerce/src/core/users/filters/class-bc-url-filters.php' (include_path='.;D:/laragon/etc/php/pear') in D:\laragon\www\workskills\wp-content\themes\workskills\functions.php on line 162
[08-Aug-2023 19:14:58 UTC] PHP Warning:  require(): http:// wrapper is disabled in the server configuration by allow_url_include=0 in D:\laragon\www\workskills\wp-content\themes\workskills\functions.php on line 162
[08-Aug-2023 19:14:58 UTC] PHP Warning:  require(http://workskills.test/wp-content/plugins/D:/laragon/www/workskills/wp-content/themes/workskills/wp-content/plugins/buddycommerce/src/core/users/filters/class-bc-url-filters.php): failed to open stream: no suitable wrapper could be found in D:\laragon\www\workskills\wp-content\themes\workskills\functions.php on line 162
[08-Aug-2023 19:14:58 UTC] PHP Fatal error:  require(): Failed opening required 'http://workskills.test/wp-content/plugins/D:/laragon/www/workskills/wp-content/themes/workskills/wp-content/plugins/buddycommerce/src/core/users/filters/class-bc-url-filters.php' (include_path='.;D:/laragon/etc/php/pear') in D:\laragon\www\workskills\wp-content\themes\workskills\functions.php on line 162
[08-Aug-2023 19:16:08 UTC] PHP Warning:  require_once(): http:// wrapper is disabled in the server configuration by allow_url_include=0 in D:\laragon\www\workskills\wp-content\themes\workskills\functions.php on line 162
[08-Aug-2023 19:16:08 UTC] PHP Warning:  require_once(http://workskills.test/wp-content/plugins/D:/laragon/www/workskills/wp-content/themes/workskills/wp-content/plugins/buddycommerce/src/core/users/filters/class-bc-url-filters.php): failed to open stream: no suitable wrapper could be found in D:\laragon\www\workskills\wp-content\themes\workskills\functions.php on line 162
[08-Aug-2023 19:16:08 UTC] PHP Fatal error:  require_once(): Failed opening required 'http://workskills.test/wp-content/plugins/D:/laragon/www/workskills/wp-content/themes/workskills/wp-content/plugins/buddycommerce/src/core/users/filters/class-bc-url-filters.php' (include_path='.;D:/laragon/etc/php/pear') in D:\laragon\www\workskills\wp-content\themes\workskills\functions.php on line 162
[08-Aug-2023 19:25:51 UTC] PHP Deprecated:  Unparenthesized `a ? b : c ? d : e` is deprecated. Use either `(a ? b : c) ? d : e` or `a ? b : (c ? d : e)` in D:\laragon\www\workskills\wp-content\plugins\js_composer\include\classes\editors\class-vc-frontend-editor.php on line 673
[08-Aug-2023 19:25:51 UTC] PHP Notice:  Function is_post_type_archive was called <strong>incorrectly</strong>. Conditional query tags do not work before the query is run. Before then, they always return false. Please see <a href="https://wordpress.org/documentation/article/debugging-in-wordpress/">Debugging in WordPress</a> for more information. (This message was added in version 3.1.0.) in D:\laragon\www\workskills\wp-includes\functions.php on line 5865
[08-Aug-2023 19:25:52 UTC] PHP Deprecated:  Unparenthesized `a ? b : c ? d : e` is deprecated. Use either `(a ? b : c) ? d : e` or `a ? b : (c ? d : e)` in D:\laragon\www\workskills\wp-content\plugins\js_composer\include\classes\editors\class-vc-frontend-editor.php on line 673
[08-Aug-2023 19:25:52 UTC] PHP Notice:  Trying to access array offset on value of type null in D:\laragon\www\workskills\wp-content\plugins\js_composer\include\autoload\vc-shortcode-autoloader.php on line 64
[08-Aug-2023 19:25:52 UTC] PHP Notice:  Trying to access array offset on value of type null in D:\laragon\www\workskills\wp-content\plugins\js_composer\include\autoload\vc-shortcode-autoloader.php on line 64
[08-Aug-2023 19:25:52 UTC] PHP Notice:  Trying to access array offset on value of type null in D:\laragon\www\workskills\wp-content\plugins\js_composer\include\autoload\vc-shortcode-autoloader.php on line 64
[08-Aug-2023 19:25:52 UTC] PHP Notice:  Trying to access array offset on value of type null in D:\laragon\www\workskills\wp-content\plugins\js_composer\include\autoload\vc-shortcode-autoloader.php on line 64
[08-Aug-2023 19:25:53 UTC] PHP Deprecated:  Unparenthesized `a ? b : c ? d : e` is deprecated. Use either `(a ? b : c) ? d : e` or `a ? b : (c ? d : e)` in D:\laragon\www\workskills\wp-content\plugins\js_composer\include\classes\editors\class-vc-frontend-editor.php on line 673
