2023-08-03T09:04:54+00:00 CRITICAL Uncaught Error: Call to a member function get_id() on string in /home/customer/www/workskills.se/public_html/wp-content/plugins/buddycommerce/src/core/users/filters/class-bc-url-filters.php:238
Stack trace:
#0 /home/customer/www/workskills.se/public_html/wp-includes/class-wp-hook.php(308): BuddyCommerce\Core\Users\Filters\BC_URL_Filters->filter_view_order_url('https://workski...', '24160')
#1 /home/customer/www/workskills.se/public_html/wp-includes/plugin.php(205): WP_Hook->apply_filters('https://workski...', Array)
#2 /home/customer/www/workskills.se/public_html/wp-content/plugins/wplms-application-forms/includes/class.woocommerce.php(392): apply_filters('woocommerce_get...', 'https://workski...', '24160')
#3 /home/customer/www/workskills.se/public_html/wp-content/plugins/wplms-application-forms/includes/class.woocommerce.php(404): WPLMS_Application_WooCommerce->wc_customer_on_hold_order_url('anas.mokayed@gm...', 1, '3047', 3045)
#4 /home/customer/www/workskills.se/public_html/wp-includes/class-wp-hook.php(3 in /home/customer/www/workskills.se/public_html/wp-content/plugins/buddycommerce/src/core/users/filters/class-bc-url-filters.php on line 238

2023-08-03T09:06:47+00:00 CRITICAL Uncaught Error: Call to a member function get_id() on string in /home/customer/www/workskills.se/public_html/wp-content/plugins/buddycommerce/src/core/users/filters/class-bc-url-filters.php:238
Stack trace:
#0 /home/customer/www/workskills.se/public_html/wp-includes/class-wp-hook.php(308): BuddyCommerce\Core\Users\Filters\BC_URL_Filters->filter_view_order_url('https://workski...', '24160')
#1 /home/customer/www/workskills.se/public_html/wp-includes/plugin.php(205): WP_Hook->apply_filters('https://workski...', Array)
#2 /home/customer/www/workskills.se/public_html/wp-content/plugins/wplms-application-forms/includes/class.woocommerce.php(392): apply_filters('woocommerce_get...', 'https://workski...', '24160')
#3 /home/customer/www/workskills.se/public_html/wp-content/plugins/wplms-application-forms/includes/class.woocommerce.php(404): WPLMS_Application_WooCommerce->wc_customer_on_hold_order_url('anas.mokayed@gm...', 1, '3047', 3045)
#4 /home/customer/www/workskills.se/public_html/wp-includes/class-wp-hook.php(3 in /home/customer/www/workskills.se/public_html/wp-content/plugins/buddycommerce/src/core/users/filters/class-bc-url-filters.php on line 238

2023-08-03T09:08:32+00:00 CRITICAL Uncaught Error: Call to a member function get_id() on string in /home/customer/www/workskills.se/public_html/wp-content/plugins/buddycommerce/src/core/users/filters/class-bc-url-filters.php:238
Stack trace:
#0 /home/customer/www/workskills.se/public_html/wp-includes/class-wp-hook.php(308): BuddyCommerce\Core\Users\Filters\BC_URL_Filters->filter_view_order_url('https://workski...', '24160')
#1 /home/customer/www/workskills.se/public_html/wp-includes/plugin.php(205): WP_Hook->apply_filters('https://workski...', Array)
#2 /home/customer/www/workskills.se/public_html/wp-content/plugins/wplms-application-forms/includes/class.woocommerce.php(392): apply_filters('woocommerce_get...', 'https://workski...', '24160')
#3 /home/customer/www/workskills.se/public_html/wp-content/plugins/wplms-application-forms/includes/class.woocommerce.php(404): WPLMS_Application_WooCommerce->wc_customer_on_hold_order_url('anas.mokayed@gm...', 1, '3047', 3045)
#4 /home/customer/www/workskills.se/public_html/wp-includes/class-wp-hook.php(3 in /home/customer/www/workskills.se/public_html/wp-content/plugins/buddycommerce/src/core/users/filters/class-bc-url-filters.php on line 238

2023-08-03T10:21:34+00:00 CRITICAL Uncaught Error: Call to a member function get_id() on string in /home/customer/www/workskills.se/public_html/wp-content/plugins/buddycommerce/src/core/users/filters/class-bc-url-filters.php:238
Stack trace:
#0 /home/customer/www/workskills.se/public_html/wp-includes/class-wp-hook.php(308): BuddyCommerce\Core\Users\Filters\BC_URL_Filters->filter_view_order_url('https://workski...', '24160')
#1 /home/customer/www/workskills.se/public_html/wp-includes/plugin.php(205): WP_Hook->apply_filters('https://workski...', Array)
#2 /home/customer/www/workskills.se/public_html/wp-content/plugins/wplms-application-forms/includes/class.woocommerce.php(392): apply_filters('woocommerce_get...', 'https://workski...', '24160')
#3 /home/customer/www/workskills.se/public_html/wp-content/plugins/wplms-application-forms/includes/class.woocommerce.php(404): WPLMS_Application_WooCommerce->wc_customer_on_hold_order_url('anas.mokayed@gm...', 1, '3047', 3045)
#4 /home/customer/www/workskills.se/public_html/wp-includes/class-wp-hook.php(3 in /home/customer/www/workskills.se/public_html/wp-content/plugins/buddycommerce/src/core/users/filters/class-bc-url-filters.php on line 238

